<?xml version="1.0" encoding="UTF-8"?>
<testsuite xmlns:xsi="http://www.w3.org/2001/XMLSchema-instance" xsi:noNamespaceSchemaLocation="https://maven.apache.org/surefire/maven-surefire-plugin/xsd/surefire-test-report.xsd" name="Day27_0121_Praktinis_darbas.service.CustomerInfoServiceTest" time="0.054" tests="6" errors="0" skipped="0" failures="0">
  <properties>
[...]
</properties>
  <testcase name="findWithMostCosts" classname="Day27_0121_Praktinis_darbas.service.CustomerInfoServiceTest" time="0.026"/>
  <testcase name="findLeastProfitable" classname="Day27_0121_Praktinis_darbas.service.CustomerInfoServiceTest" time="0.001"/>
  <testcase name="findWithMostIncome" classname="Day27_0121_Praktinis_darbas.service.CustomerInfoServiceTest" time="0.001"/>
  <testcase name="findMostProfitable" classname="Day27_0121_Praktinis_darbas.service.CustomerInfoServiceTest" time="0.003"/>
  <testcase name="findWithMostProjects" classname="Day27_0121_Praktinis_darbas.service.CustomerInfoServiceTest" time="0.001"/>
  <testcase name="testFindWithMostEmployees" classname="Day27_0121_Praktinis_darbas.service.CustomerInfoServiceTest" time="0.001"/>
</testsuite>